Release 14.7 - ngc2edif P.20131013 (nt64)
Copyright (c) 1995-2013 Xilinx, Inc.  All rights reserved.
Reading design pong_top.ngc ...
WARNING:NetListWriters:298 - No output is written to pong_top.xncf, ignored.
Processing design ...
   Preping design's networks ...
   Preping design's macros ...
WARNING:NetListWriters:306 - Signal bus
   pong_graph_unit/Mcompar_hit_cmp_le0000_lut<7 : 1> on block pong_top is not
   reconstructed, because there are some missing bus signals.
WARNING:NetListWriters:306 - Signal bus
   pong_graph_unit/Mcompar_miss_cmp_gt0000_lut<6 : 0> on block pong_top is not
   reconstructed, because there are some missing bus signals.
WARNING:NetListWriters:306 - Signal bus
   pong_graph_unit/Mcompar_miss_cmp_le0002_lut<5 : 0> on block pong_top is not
   reconstructed, because there are some missing bus signals.
WARNING:NetListWriters:306 - Signal bus
   pong_graph_unit/Mcompar_paddle_x_reg_cmp_le0000_lut<3 : 0> on block pong_top
   is not reconstructed, because there are some missing bus signals.
WARNING:NetListWriters:306 - Signal bus
   pong_graph_unit/Mcompar_wall_on_cmp_le0000_lut<5 : 0> on block pong_top is
   not reconstructed, because there are some missing bus signals.
WARNING:NetListWriters:306 - Signal bus
   pong_graph_unit/Mcompar_wall_on_cmp_le0001_lut<7 : 1> on block pong_top is
   not reconstructed, because there are some missing bus signals.
WARNING:NetListWriters:306 - Signal bus pong_graph_unit/Msub_ball_x_r_lut<10 :
   1> on block pong_top is not reconstructed, because there are some missing bus
   signals.
WARNING:NetListWriters:306 - Signal bus pong_graph_unit/Msub_ball_y_b_lut<10 :
   1> on block pong_top is not reconstructed, because there are some missing bus
   signals.
WARNING:NetListWriters:306 - Signal bus pong_graph_unit/Msub_paddle_x_r_b_lut<10
   : 1> on block pong_top is not reconstructed, because there are some missing
   bus signals.
WARNING:NetListWriters:306 - Signal bus pong_graph_unit/delta_x_reg_mux0000<8 :
   0> on block pong_top is not reconstructed, because there are some missing bus
   signals.
WARNING:NetListWriters:306 - Signal bus pong_graph_unit/delta_y_reg_mux0000<8 :
   0> on block pong_top is not reconstructed, because there are some missing bus
   signals.
WARNING:NetListWriters:306 - Signal bus sound_unit/data<8 : 0> on block pong_top
   is not reconstructed, because there are some missing bus signals.
WARNING:NetListWriters:306 - Signal bus sound_unit/note<8 : 0> on block pong_top
   is not reconstructed, because there are some missing bus signals.
WARNING:NetListWriters:306 - Signal bus
   vga_driver_unit/Mcompar_v_sync_next_cmp_le0000_lut<7 : 0> on block pong_top
   is not reconstructed, because there are some missing bus signals.
WARNING:NetListWriters:306 - Signal bus
   vga_driver_unit/Mcompar_video_on_cmp_lt0001_lut<6 : 1> on block pong_top is
   not reconstructed, because there are some missing bus signals.
  finished :Prep
Writing EDIF netlist file pong_top.edif ...
ngc2edif: Total memory usage is 85988 kilobytes

