#-----------------------------------------------------------
# PlanAhead v14.7 (64-bit)
# Build 321239 by xbuild on Fri Sep 27 19:29:51 MDT 2013
# Start of session at: Mon Nov 21 16:48:05 2016
# Process ID: 12068
# Log file: C:/Users/facun/OneDrive/Proyecyo_Tecnicas/Xiling/Pong_FSM/Pong_FSM/planAhead_run_2/planAhead.log
# Journal file: C:/Users/facun/OneDrive/Proyecyo_Tecnicas/Xiling/Pong_FSM/Pong_FSM/planAhead_run_2/planAhead.jou
#-----------------------------------------------------------
INFO: [Common 17-78] Attempting to get a license: PlanAhead
INFO: [Common 17-290] Got license for PlanAhead
INFO: [Device 21-36] Loading parts and site information from C:/Xilinx/14.7/ISE_DS/PlanAhead/data/parts/arch.xml
Parsing RTL primitives file [C:/Xilinx/14.7/ISE_DS/PlanAhead/data/parts/xilinx/rtl/prims/rtl_prims.xml]
Finished parsing RTL primitives file [C:/Xilinx/14.7/ISE_DS/PlanAhead/data/parts/xilinx/rtl/prims/rtl_prims.xml]
start_gui
source C:/Users/facun/OneDrive/Proyecyo_Tecnicas/Xiling/Pong_FSM/Pong_FSM/pa.fromNetlist.tcl
# create_project -name Pong_FSM -dir "C:/Users/facun/OneDrive/Proyecyo_Tecnicas/Xiling/Pong_FSM/Pong_FSM/planAhead_run_2" -part xc3s100etq144-5
ERROR: [Common 17-53] User Exception: Project already exists on disk, please use '-force' option to overwrite: 
     C:/Users/facun/OneDrive/Proyecyo_Tecnicas/Xiling/Pong_FSM/Pong_FSM/planAhead_run_2/Pong_FSM.ppr
     C:/Users/facun/OneDrive/Proyecyo_Tecnicas/Xiling/Pong_FSM/Pong_FSM/planAhead_run_2/Pong_FSM.data

    while executing
"create_project -name Pong_FSM -dir "C:/Users/facun/OneDrive/Proyecyo_Tecnicas/Xiling/Pong_FSM/Pong_FSM/planAhead_run_2" -part xc3s100etq144-5"
    (file "C:/Users/facun/OneDrive/Proyecyo_Tecnicas/Xiling/Pong_FSM/Pong_FSM/pa.fromNetlist.tcl" line 4)
exit
INFO: [Common 17-206] Exiting PlanAhead at Mon Nov 21 16:48:18 2016...
INFO: [Common 17-83] Releasing license: PlanAhead
